<?xml version="1.0" encoding="UTF-8" ?>
<testsuite tests="4" failures="0" name="QueueImplementationTest" time="0.007" errors="0" skipped="0">
  <properties>
[...]
</properties>
  <testcase classname="QueueImplementationTest" name="pop_to_remove_queue_element" time="0.007"/>
  <testcase classname="QueueImplementationTest" name="pop_to_empty_queue_throws_exception" time="0"/>
  <testcase classname="QueueImplementationTest" name="push_to_add_queue_element" time="0"/>
  <testcase classname="QueueImplementationTest" name="size_of_queue_correctly_calculated" time="0"/>
</testsuite>